[2025-09-08T21:38:36.160Z] [ALL] 09-08 22:38:36.114 12424 12457 I appium  : method: 'xpath', selector: '//*[@resource-id="com.socialnmobile.dictapps.notepad.color.note:id/select_dialog_listview"]/android.widget.LinearLayout[1]'
[2025-09-08T21:38:36.237Z] [ALL] 09-08 22:38:36.191   503   607 W ActivityManager: Unable to start service Intent { act=com.google.firebase.MESSAGING_EVENT pkg=com.socialnmobile.dictapps.notepad.color.note } U=0: not found
[2025-09-08T21:38:36.800Z] [ALL] 09-08 22:38:36.754 12424 12457 I appium  : Took 0ms to retrieve 1 matches for '//*[@resource-id="com.socialnmobile.dictapps.notepad.color.note:id/select_dialog_listview"]/android.widget.LinearLayout[1]' XPath2 query
[2025-09-08T21:38:36.929Z] [ALL] 09-08 22:38:36.883   503  4723 I ActivityTaskManager: START u0 {act=android.intent.action.INSERT dat=content://note.socialnmobile.provider.colornote/notes cmp=com.socialnmobile.dictapps.notepad.color.note/com.socialnmobile.colornote.activity.NoteEditor (has extras)} from uid 10172
[2025-09-08T21:38:36.954Z] [ALL] 09-08 22:38:36.908   503   607 W BackupManagerService: [UserID:0] dataChanged but no participant pkg='com.socialnmobile.dictapps.notepad.color.note' uid=10172
[2025-09-08T21:38:36.992Z] [ALL] 09-08 22:38:36.946   503   531 I ActivityTaskManager: Displayed com.socialnmobile.dictapps.notepad.color.note/com.socialnmobile.colornote.activity.NoteEditor: +63ms
[2025-09-08T21:38:37.028Z] [ALL] 09-08 22:38:36.981  1298  1298 I AndroidIME: AbstractIme.onActivate():84 LatinIme.onActivate() : EditorInfo = Package = com.socialnmobile.dictapps.notepad.color.note : Type = Text : Learning = Enable : Suggestion = Show : AutoCorrection = Enable : Microphone = Show : NoPersonalizedLearning = Disable : AutoStartVoiceInput = Disable, IncognitoMode = false
[2025-09-08T21:38:37.031Z] [ALL] 09-08 22:38:36.986  1298  1298 I ConversationToQueryExtension: ConversationToQueryExtension.isEnabledForHostApp():252 Conv2Query not enabled due to current app [com.socialnmobile.dictapps.notepad.color.note] not in whitelist
[2025-09-08T21:38:38.014Z] [ALL] 09-08 22:38:37.968 12424 12457 I appium  : method: 'xpath', selector: '//*[@resource-id="com.socialnmobile.dictapps.notepad.color.note:id/datetime_relative"]'
[2025-09-08T21:38:38.042Z] [ALL] 09-08 22:38:37.996 12424 12457 I appium  : Took 0ms to retrieve 1 matches for '//*[@resource-id="com.socialnmobile.dictapps.notepad.color.note:id/datetime_relative"]' XPath2 query
[2025-09-08T21:38:38.066Z] [ALL] 09-08 22:38:38.020 12424 12457 I appium  : method: 'xpath', selector: '//*[@resource-id="com.socialnmobile.dictapps.notepad.color.note:id/edit_title"]'
[2025-09-08T21:38:38.077Z] [ALL] 09-08 22:38:38.032 12424 12457 I appium  : Took 0ms to retrieve 1 matches for '//*[@resource-id="com.socialnmobile.dictapps.notepad.color.note:id/edit_title"]' XPath2 query
[2025-09-08T21:38:38.105Z] [ALL] 09-08 22:38:38.059 12424 12457 I appium  : method: 'xpath', selector: '//*[@resource-id="com.socialnmobile.dictapps.notepad.color.note:id/edit_note"]'
[2025-09-08T21:38:38.117Z] [ALL] 09-08 22:38:38.071 12424 12457 I appium  : Took 0ms to retrieve 1 matches for '//*[@resource-id="com.socialnmobile.dictapps.notepad.color.note:id/edit_note"]' XPath2 query
[2025-09-08T21:38:38.778Z] [ALL] 09-08 22:38:38.733  1298  1298 I AndroidIME: AbstractIme.onActivate():84 LatinIme.onActivate() : EditorInfo = Package = com.socialnmobile.dictapps.notepad.color.note : Type = Text : Learning = Enable : Suggestion = Show : AutoCorrection = Enable : Microphone = Show : NoPersonalizedLearning = Disable : AutoStartVoiceInput = Disable, IncognitoMode = false
[2025-09-08T21:38:38.784Z] [ALL] 09-08 22:38:38.738  1298  1298 I ConversationToQueryExtension: ConversationToQueryExtension.isEnabledForHostApp():252 Conv2Query not enabled due to current app [com.socialnmobile.dictapps.notepad.color.note] not in whitelist
[2025-09-08T21:38:39.493Z] [ALL] 09-08 22:38:39.447   503  4723 W BackupManagerService: [UserID:0] dataChanged but no participant pkg='com.socialnmobile.dictapps.notepad.color.note' uid=10172
[2025-09-08T21:38:39.532Z] [ALL] 09-08 22:38:39.487 12424 12457 I appium  : method: 'xpath', selector: '//*[@resource-id="com.socialnmobile.dictapps.notepad.color.note:id/edit_btn"]'
[2025-09-08T21:38:39.546Z] [ALL] 09-08 22:38:39.501  1298  1298 I AndroidIME: AbstractIme.onActivate():84 LatinIme.onActivate() : EditorInfo = Package = com.socialnmobile.dictapps.notepad.color.note : Type = Text : Learning = Enable : Suggestion = Show : AutoCorrection = Enable : Microphone = Show : NoPersonalizedLearning = Disable : AutoStartVoiceInput = Disable, IncognitoMode = false
[2025-09-08T21:38:39.550Z] [ALL] 09-08 22:38:39.504  1298  1298 I ConversationToQueryExtension: ConversationToQueryExtension.isEnabledForHostApp():252 Conv2Query not enabled due to current app [com.socialnmobile.dictapps.notepad.color.note] not in whitelist
[2025-09-08T21:38:40.222Z] [ALL] 09-08 22:38:40.176 12424 12457 I appium  : Took 0ms to retrieve 1 matches for '//*[@resource-id="com.socialnmobile.dictapps.notepad.color.note:id/edit_btn"]' XPath2 query
[2025-09-08T21:38:40.255Z] [ALL] 09-08 22:38:40.208 12424 12457 I appium  : method: 'xpath', selector: '//*[@resource-id="com.socialnmobile.dictapps.notepad.color.note:id/edit_title"]'
[2025-09-08T21:38:40.267Z] [ALL] 09-08 22:38:40.221 12424 12457 I appium  : Took 0ms to retrieve 1 matches for '//*[@resource-id="com.socialnmobile.dictapps.notepad.color.note:id/edit_title"]' XPath2 query