[2025-09-08T21:38:32.170Z] [ALL] 09-08 21:47:02.477  9003  9230 I appium  : Took 0ms to retrieve 1 matches for '//*[@resource-id="com.socialnmobile.dictapps.notepad.color.note:id/btn_start_skip"]' XPath2 query
[2025-09-08T21:38:32.170Z] [ALL] 09-08 21:47:02.925  1383  1557 I MediaProvider: Deleted 1 items on external_primary due to com.socialnmobile.dictapps.notepad.color.note
[2025-09-08T21:38:32.170Z] [ALL] 09-08 21:47:02.950   503  1455 W ActivityManager: Unable to start service Intent { act=com.google.firebase.MESSAGING_EVENT pkg=com.socialnmobile.dictapps.notepad.color.note } U=0: not found
[2025-09-08T21:38:32.172Z] [ALL] 09-08 21:47:03.101   682   682 D InterruptionStateProvider: No bubble up: not allowed to bubble: 0|com.socialnmobile.dictapps.notepad.color.note|30|null|10172
[2025-09-08T21:38:32.172Z] [ALL] 09-08 21:47:03.102   682   682 D InterruptionStateProvider: No heads up: unimportant notification: 0|com.socialnmobile.dictapps.notepad.color.note|30|null|10172
[2025-09-08T21:38:32.172Z] [ALL] 09-08 21:47:03.107  1383  1556 I MediaProvider: Deleted 1 items on external_primary due to com.socialnmobile.dictapps.notepad.color.note
[2025-09-08T21:38:32.172Z] [ALL] 09-08 21:47:04.061  9003  9230 I appium  : method: 'xpath', selector: '//*[@resource-id="com.socialnmobile.dictapps.notepad.color.note:id/select_dialog_listview"]/android.widget.LinearLayout[1]'
[2025-09-08T21:38:32.172Z] [ALL] 09-08 21:47:04.092  9003  9230 I appium  : Took 0ms to retrieve 1 matches for '//*[@resource-id="com.socialnmobile.dictapps.notepad.color.note:id/select_dialog_listview"]/android.widget.LinearLayout[1]' XPath2 query
[2025-09-08T21:38:32.172Z] [ALL] 09-08 21:47:04.777   503  1432 I ActivityTaskManager: START u0 {act=android.intent.action.INSERT dat=content://note.socialnmobile.provider.colornote/notes cmp=com.socialnmobile.dictapps.notepad.color.note/com.socialnmobile.colornote.activity.NoteEditor (has extras)} from uid 10172
[2025-09-08T21:38:32.172Z] [ALL] 09-08 21:47:04.807   503  1282 W BackupManagerService: [UserID:0] dataChanged but no participant pkg='com.socialnmobile.dictapps.notepad.color.note' uid=10172
[2025-09-08T21:38:32.172Z] [ALL] 09-08 21:47:04.893   503   531 I ActivityTaskManager: Displayed com.socialnmobile.dictapps.notepad.color.note/com.socialnmobile.colornote.activity.NoteEditor: +117ms
[2025-09-08T21:38:32.172Z] [ALL] 09-08 21:47:04.917  1298  1298 I AndroidIME: AbstractIme.onActivate():84 LatinIme.onActivate() : EditorInfo = Package = com.socialnmobile.dictapps.notepad.color.note : Type = Text : Learning = Enable : Suggestion = Show : AutoCorrection = Enable : Microphone = Show : NoPersonalizedLearning = Disable : AutoStartVoiceInput = Disable, IncognitoMode = false
[2025-09-08T21:38:32.172Z] [ALL] 09-08 21:47:04.970  1298  1298 I ConversationToQueryExtension: ConversationToQueryExtension.isEnabledForHostApp():252 Conv2Query not enabled due to current app [com.socialnmobile.dictapps.notepad.color.note] not in whitelist
[2025-09-08T21:38:32.172Z] [ALL] 09-08 21:47:05.926  9003  9230 I appium  : method: 'xpath', selector: '//*[@resource-id="com.socialnmobile.dictapps.notepad.color.note:id/datetime_relative"]'
[2025-09-08T21:38:32.172Z] [ALL] 09-08 21:47:05.960  9003  9230 I appium  : Took 0ms to retrieve 1 matches for '//*[@resource-id="com.socialnmobile.dictapps.notepad.color.note:id/datetime_relative"]' XPath2 query
[2025-09-08T21:38:32.172Z] [ALL] 09-08 21:47:05.986  9003  9230 I appium  : method: 'xpath', selector: '//*[@resource-id="com.socialnmobile.dictapps.notepad.color.note:id/edit_title"]'
[2025-09-08T21:38:32.172Z] [ALL] 09-08 21:47:06.000  9003  9230 I appium  : Took 0ms to retrieve 1 matches for '//*[@resource-id="com.socialnmobile.dictapps.notepad.color.note:id/edit_title"]' XPath2 query
[2025-09-08T21:38:32.172Z] [ALL] 09-08 21:47:06.037  9003  9230 I appium  : method: 'xpath', selector: '//*[@resource-id="com.socialnmobile.dictapps.notepad.color.note:id/edit_note"]'
[2025-09-08T21:38:32.173Z] [ALL] 09-08 21:47:06.566  9003  9230 I appium  : Took 0ms to retrieve 1 matches for '//*[@resource-id="com.socialnmobile.dictapps.notepad.color.note:id/edit_note"]' XPath2 query
[2025-09-08T21:38:32.173Z] [ALL] 09-08 21:47:07.410  1298  1298 I AndroidIME: AbstractIme.onActivate():84 LatinIme.onActivate() : EditorInfo = Package = com.socialnmobile.dictapps.notepad.color.note : Type = Text : Learning = Enable : Suggestion = Show : AutoCorrection = Enable : Microphone = Show : NoPersonalizedLearning = Disable : AutoStartVoiceInput = Disable, IncognitoMode = false
[2025-09-08T21:38:32.173Z] [ALL] 09-08 21:47:07.432  1298  1298 I ConversationToQueryExtension: ConversationToQueryExtension.isEnabledForHostApp():252 Conv2Query not enabled due to current app [com.socialnmobile.dictapps.notepad.color.note] not in whitelist
[2025-09-08T21:38:32.173Z] [ALL] 09-08 21:47:09.366   503  1425 W BackupManagerService: [UserID:0] dataChanged but no participant pkg='com.socialnmobile.dictapps.notepad.color.note' uid=10172
[2025-09-08T21:38:32.173Z] [ALL] 09-08 21:47:09.420  9003  9230 I appium  : method: 'xpath', selector: '//*[@resource-id="com.socialnmobile.dictapps.notepad.color.note:id/edit_btn"]'
[2025-09-08T21:38:32.173Z] [ALL] 09-08 21:47:09.452  1298  1298 I AndroidIME: AbstractIme.onActivate():84 LatinIme.onActivate() : EditorInfo = Package = com.socialnmobile.dictapps.notepad.color.note : Type = Text : Learning = Enable : Suggestion = Show : AutoCorrection = Enable : Microphone = Show : NoPersonalizedLearning = Disable : AutoStartVoiceInput = Disable, IncognitoMode = false
[2025-09-08T21:38:32.173Z] [ALL] 09-08 21:47:09.463  1298  1298 I ConversationToQueryExtension: ConversationToQueryExtension.isEnabledForHostApp():252 Conv2Query not enabled due to current app [com.socialnmobile.dictapps.notepad.color.note] not in whitelist
[2025-09-08T21:38:32.173Z] [ALL] 09-08 21:47:10.092  9003  9230 I appium  : Took 0ms to retrieve 1 matches for '//*[@resource-id="com.socialnmobile.dictapps.notepad.color.note:id/edit_btn"]' XPath2 query
[2025-09-08T21:38:32.173Z] [ALL] 09-08 21:47:10.113  9003  9230 I appium  : method: 'xpath', selector: '//*[@resource-id="com.socialnmobile.dictapps.notepad.color.note:id/edit_title"]'
[2025-09-08T21:38:32.173Z] [ALL] 09-08 21:47:10.121  9003  9230 I appium  : Took 0ms to retrieve 1 matches for '//*[@resource-id="com.socialnmobile.dictapps.notepad.color.note:id/edit_title"]' XPath2 query
[2025-09-08T21:38:32.173Z] [ALL] 09-08 21:47:10.229   503   956 I ActivityManager: Force stopping com.socialnmobile.dictapps.notepad.color.note appid=10172 user=0: from pid 10086
[2025-09-08T21:38:32.173Z] [ALL] 09-08 21:47:10.229   503   956 I ActivityManager: Killing 9243:com.socialnmobile.dictapps.notepad.color.note/u0a172 (adj 0): stop com.socialnmobile.dictapps.notepad.color.note due to from pid 10086
[2025-09-08T21:38:32.173Z] [ALL] 09-08 21:47:10.230   503   956 W ActivityTaskManager: Force removing ActivityRecord{f088390 u0 com.socialnmobile.dictapps.notepad.color.note/com.socialnmobile.colornote.activity.NoteEditor t111 f}}: app died, no saved state
[2025-09-08T21:38:32.173Z] [ALL] 09-08 21:47:10.233   503   956 W ActivityTaskManager: Force removing ActivityRecord{8a12701 u0 com.socialnmobile.dictapps.notepad.color.note/com.socialnmobile.colornote.activity.Main t111 f}}: app died, no saved state
[2025-09-08T21:38:32.173Z] [ALL] 09-08 21:47:10.239   503  1433 D AutofillSession: handling death of Token{ea8be53 ActivityRecord{f088390 u0 com.socialnmobile.dictapps.notepad.color.note/com.socialnmobile.colornote.activity.NoteEditor t-1 f}}} when saving=false
[2025-09-08T21:38:32.173Z] [ALL] 09-08 21:47:11.383   503   503 W NotificationService: Object died trying to hide custom toast android.os.BinderProxy@3ae4a74 in package com.socialnmobile.dictapps.notepad.color.note
[2025-09-08T21:38:32.176Z] [ALL] 09-08 22:21:07.395   503  3065 I ActivityManager: Force stopping com.socialnmobile.dictapps.notepad.color.note appid=10172 user=0: from pid 10409
[2025-09-08T21:38:32.176Z] [ALL] 09-08 22:21:07.415   503  5606 I ActivityManager: Force stopping com.socialnmobile.dictapps.notepad.color.note appid=10172 user=0: clear data
[2025-09-08T21:38:32.176Z] [ALL] 09-08 22:21:07.416   503   532 I ActivityManager: Force stopping com.socialnmobile.dictapps.notepad.color.note appid=10172 user=-1: clearApplicationUserData
[2025-09-08T21:38:32.176Z] [ALL] 09-08 22:21:07.421  1383 10163 I MediaProvider: Invalidating LocalCallingIdentity cache for package com.socialnmobile.dictapps.notepad.color.note. Reason: op android:read_external_storage
[2025-09-08T21:38:32.176Z] [ALL] 09-08 22:21:07.422  1383 10163 I MediaProvider: Invalidating LocalCallingIdentity cache for package com.socialnmobile.dictapps.notepad.color.note. Reason: op android:read_external_storage
[2025-09-08T21:38:32.176Z] [ALL] 09-08 22:21:07.479  1383 10163 I MediaProvider: Invalidating LocalCallingIdentity cache for package com.socialnmobile.dictapps.notepad.color.note. Reason: op android:read_external_storage
[2025-09-08T21:38:32.176Z] [ALL] 09-08 22:21:07.485  1383 10163 I MediaProvider: Invalidating LocalCallingIdentity cache for package com.socialnmobile.dictapps.notepad.color.note. Reason: op android:read_external_storage
[2025-09-08T21:38:32.178Z] [ALL] 09-08 22:21:07.927  1988  2423 I Icing   : doRemovePackageData com.socialnmobile.dictapps.notepad.color.note
[2025-09-08T21:38:32.178Z] [ALL] 09-08 22:21:07.973  1383  5188 I MediaProvider: Begin Intent { act=android.intent.action.PACKAGE_DATA_CLEARED dat=package:com.socialnmobile.dictapps.notepad.color.note flg=0x1000010 cmp=com.google.android.providers.media.module/com.android.providers.media.MediaService (has extras) }
[2025-09-08T21:38:32.178Z] [ALL] 09-08 22:21:07.973  1383  5188 I MediaProvider: Invalidating LocalCallingIdentity cache for package com.socialnmobile.dictapps.notepad.color.note. Reason: owner_package_changed:/storage/emulated/0/data/colornote/backup
[2025-09-08T21:38:32.178Z] [ALL] 09-08 22:21:07.973  1383  5188 I MediaProvider: Invalidating LocalCallingIdentity cache for package com.socialnmobile.dictapps.notepad.color.note. Reason: owner_package_changed:/storage/emulated/0/data/colornote/backup/1757364422864-AUTO.doc
[2025-09-08T21:38:32.178Z] [ALL] 09-08 22:21:07.973  1383  5188 D MediaProvider: Orphaned 2 items belonging to com.socialnmobile.dictapps.notepad.color.note on /data/user/0/com.google.android.providers.media.module/databases/external.db
[2025-09-08T21:38:32.178Z] [ALL] 09-08 22:21:07.974  1383  5188 I MediaProvider: End Intent { act=android.intent.action.PACKAGE_DATA_CLEARED dat=package:com.socialnmobile.dictapps.notepad.color.note flg=0x1000010 cmp=com.google.android.providers.media.module/com.android.providers.media.MediaService (has extras) }
[2025-09-08T21:38:32.178Z] [ALL] 09-08 22:21:08.578 10508 10861 I appium  : Created the new session with id 25afe415-7198-41bd-af7b-0e68a26da3d0 and capabilities {app=/Users/nikesmaeili/wdio-appium/app/android/ColorNote+Notepad.apk, appPackage=com.socialnmobile.dictapps.notepad.color.note, networkConnectionEnabled=true, warnings={}, databaseEnabled=false, deviceName=emulator-5554, platform=LINUX, deviceUDID=emulator-5554, appActivity=com.socialnmobile.colornote.activity.Main, desired={platformName=Android, automationName=UiAutomator2, platformVersion=11.0, deviceName=Pixel 3-v11, app=/Users/nikesmaeili/wdio-appium/app/android/ColorNote+Notepad.apk, autoGrantPermissions=true}, platformVersion=11.0, automationName=UiAutomator2, webStorageEnabled=false, locationContextEnabled=false, autoGrantPermissions=true, takesScreenshot=true, javascriptEnabled=true, platformName=Android}
[2025-09-08T21:38:32.178Z] [ALL] 09-08 22:21:08.670   503  1432 I ActivityManager: Force stopping com.socialnmobile.dictapps.notepad.color.note appid=10172 user=0: from pid 10926
[2025-09-08T21:38:32.178Z] [ALL] 09-08 22:21:08.923   503  1432 I ActivityTaskManager: START u0 {act=android.intent.action.MAIN cat=[android.intent.category.LAUNCHER] flg=0x10200000 cmp=com.socialnmobile.dictapps.notepad.color.note/com.socialnmobile.colornote.activity.Main} from uid 2000
[2025-09-08T21:38:32.178Z] [ALL] 09-08 22:21:08.953   503   533 I ActivityManager: Start proc 10957:com.socialnmobile.dictapps.notepad.color.note/u0a172 for pre-top-activity {com.socialnmobile.dictapps.notepad.color.note/com.socialnmobile.colornote.activity.Main}
[2025-09-08T21:38:32.178Z] [ALL] 09-08 22:21:09.014 10957 10957 I TetheringManager: registerTetheringEventCallback:com.socialnmobile.dictapps.notepad.color.note
[2025-09-08T21:38:32.178Z] [ALL] 09-08 22:21:09.138   503   531 D ArtManagerInternalImpl: /data/misc/iorapd/com.socialnmobile.dictapps.notepad.color.note/12500/com.socialnmobile.colornote.activity.Main/compiled_traces/compiled_trace.pb doesn't exist
[2025-09-08T21:38:32.178Z] [ALL] 09-08 22:21:09.140   503   531 I ActivityTaskManager: Displayed com.socialnmobile.dictapps.notepad.color.note/com.socialnmobile.colornote.activity.Main: +212ms
[2025-09-08T21:38:32.178Z] [ALL] 09-08 22:21:09.201 10508 10864 I appium  : method: 'xpath', selector: '//*[@resource-id="com.socialnmobile.dictapps.notepad.color.note:id/btn_start_skip"]'
[2025-09-08T21:38:32.179Z] [ALL] 09-08 22:21:09.860 10508 10864 I appium  : Took 0ms to retrieve 1 matches for '//*[@resource-id="com.socialnmobile.dictapps.notepad.color.note:id/btn_start_skip"]' XPath2 query
[2025-09-08T21:38:32.181Z] [ALL] 09-08 22:21:10.966 10957 10971 I chatty  : uid=10172(com.socialnmobile.dictapps.notepad.color.note) identical 1 line
[2025-09-08T21:38:32.181Z] [ALL] 09-08 22:21:11.043 10508 10864 I appium  : method: 'xpath', selector: '//*[@resource-id="com.socialnmobile.dictapps.notepad.color.note:id/select_dialog_listview"]/android.widget.LinearLayout[1]'
[2025-09-08T21:38:32.181Z] [ALL] 09-08 22:21:11.066 10508 10864 I appium  : Took 1ms to retrieve 1 matches for '//*[@resource-id="com.socialnmobile.dictapps.notepad.color.note:id/select_dialog_listview"]/android.widget.LinearLayout[1]' XPath2 query
[2025-09-08T21:38:32.181Z] [ALL] 09-08 22:21:11.607   503  1459 W ActivityManager: Unable to start service Intent { act=com.google.firebase.MESSAGING_EVENT pkg=com.socialnmobile.dictapps.notepad.color.note } U=0: not found
[2025-09-08T21:38:32.181Z] [ALL] 09-08 22:21:11.760   503  1459 I ActivityTaskManager: START u0 {act=android.intent.action.INSERT dat=content://note.socialnmobile.provider.colornote/notes cmp=com.socialnmobile.dictapps.notepad.color.note/com.socialnmobile.colornote.activity.NoteEditor (has extras)} from uid 10172
[2025-09-08T21:38:32.181Z] [ALL] 09-08 22:21:11.783   503  1459 W BackupManagerService: [UserID:0] dataChanged but no participant pkg='com.socialnmobile.dictapps.notepad.color.note' uid=10172
[2025-09-08T21:38:32.181Z] [ALL] 09-08 22:21:11.829   503   531 I ActivityTaskManager: Displayed com.socialnmobile.dictapps.notepad.color.note/com.socialnmobile.colornote.activity.NoteEditor: +69ms
[2025-09-08T21:38:32.181Z] [ALL] 09-08 22:21:11.869  1298  1298 I AndroidIME: AbstractIme.onActivate():84 LatinIme.onActivate() : EditorInfo = Package = com.socialnmobile.dictapps.notepad.color.note : Type = Text : Learning = Enable : Suggestion = Show : AutoCorrection = Enable : Microphone = Show : NoPersonalizedLearning = Disable : AutoStartVoiceInput = Disable, IncognitoMode = false
[2025-09-08T21:38:32.181Z] [ALL] 09-08 22:21:11.896  1298  1298 I ConversationToQueryExtension: ConversationToQueryExtension.isEnabledForHostApp():252 Conv2Query not enabled due to current app [com.socialnmobile.dictapps.notepad.color.note] not in whitelist
[2025-09-08T21:38:32.182Z] [ALL] 09-08 22:21:12.883 10508 10864 I appium  : method: 'xpath', selector: '//*[@resource-id="com.socialnmobile.dictapps.notepad.color.note:id/datetime_relative"]'
[2025-09-08T21:38:32.182Z] [ALL] 09-08 22:21:12.907 10508 10864 I appium  : Took 0ms to retrieve 1 matches for '//*[@resource-id="com.socialnmobile.dictapps.notepad.color.note:id/datetime_relative"]' XPath2 query
[2025-09-08T21:38:32.182Z] [ALL] 09-08 22:21:12.930 10508 10864 I appium  : method: 'xpath', selector: '//*[@resource-id="com.socialnmobile.dictapps.notepad.color.note:id/edit_title"]'
[2025-09-08T21:38:32.182Z] [ALL] 09-08 22:21:12.946 10508 10864 I appium  : Took 0ms to retrieve 1 matches for '//*[@resource-id="com.socialnmobile.dictapps.notepad.color.note:id/edit_title"]' XPath2 query
[2025-09-08T21:38:32.182Z] [ALL] 09-08 22:21:12.976 10508 10864 I appium  : method: 'xpath', selector: '//*[@resource-id="com.socialnmobile.dictapps.notepad.color.note:id/edit_note"]'
[2025-09-08T21:38:32.182Z] [ALL] 09-08 22:21:12.987 10508 10864 I appium  : Took 0ms to retrieve 1 matches for '//*[@resource-id="com.socialnmobile.dictapps.notepad.color.note:id/edit_note"]' XPath2 query
[2025-09-08T21:38:32.182Z] [ALL] 09-08 22:21:13.648  1298  1298 I AndroidIME: AbstractIme.onActivate():84 LatinIme.onActivate() : EditorInfo = Package = com.socialnmobile.dictapps.notepad.color.note : Type = Text : Learning = Enable : Suggestion = Show : AutoCorrection = Enable : Microphone = Show : NoPersonalizedLearning = Disable : AutoStartVoiceInput = Disable, IncognitoMode = false
[2025-09-08T21:38:32.182Z] [ALL] 09-08 22:21:13.656  1298  1298 I ConversationToQueryExtension: ConversationToQueryExtension.isEnabledForHostApp():252 Conv2Query not enabled due to current app [com.socialnmobile.dictapps.notepad.color.note] not in whitelist
[2025-09-08T21:38:32.182Z] [ALL] 09-08 22:21:14.338   503  5606 W BackupManagerService: [UserID:0] dataChanged but no participant pkg='com.socialnmobile.dictapps.notepad.color.note' uid=10172
[2025-09-08T21:38:32.182Z] [ALL] 09-08 22:21:14.390 10508 10864 I appium  : method: 'xpath', selector: '//*[@resource-id="com.socialnmobile.dictapps.notepad.color.note:id/edit_btn"]'
[2025-09-08T21:38:32.182Z] [ALL] 09-08 22:21:14.400  1298  1298 I AndroidIME: AbstractIme.onActivate():84 LatinIme.onActivate() : EditorInfo = Package = com.socialnmobile.dictapps.notepad.color.note : Type = Text : Learning = Enable : Suggestion = Show : AutoCorrection = Enable : Microphone = Show : NoPersonalizedLearning = Disable : AutoStartVoiceInput = Disable, IncognitoMode = false
[2025-09-08T21:38:32.182Z] [ALL] 09-08 22:21:14.404  1298  1298 I ConversationToQueryExtension: ConversationToQueryExtension.isEnabledForHostApp():252 Conv2Query not enabled due to current app [com.socialnmobile.dictapps.notepad.color.note] not in whitelist
[2025-09-08T21:38:32.182Z] [ALL] 09-08 22:21:15.038 10508 10864 I appium  : Took 0ms to retrieve 1 matches for '//*[@resource-id="com.socialnmobile.dictapps.notepad.color.note:id/edit_btn"]' XPath2 query
[2025-09-08T21:38:32.182Z] [ALL] 09-08 22:21:15.063 10508 10864 I appium  : method: 'xpath', selector: '//*[@resource-id="com.socialnmobile.dictapps.notepad.color.note:id/edit_title"]'
[2025-09-08T21:38:32.182Z] [ALL] 09-08 22:21:15.073 10508 10864 I appium  : Took 0ms to retrieve 1 matches for '//*[@resource-id="com.socialnmobile.dictapps.notepad.color.note:id/edit_title"]' XPath2 query
[2025-09-08T21:38:32.182Z] [ALL] 09-08 22:21:15.231   503  1433 I ActivityManager: Force stopping com.socialnmobile.dictapps.notepad.color.note appid=10172 user=0: from pid 11437
[2025-09-08T21:38:32.182Z] [ALL] 09-08 22:21:15.231   503  1433 I ActivityManager: Killing 10957:com.socialnmobile.dictapps.notepad.color.note/u0a172 (adj 0): stop com.socialnmobile.dictapps.notepad.color.note due to from pid 11437
[2025-09-08T21:38:32.182Z] [ALL] 09-08 22:21:15.233   503  1433 W ActivityTaskManager: Force removing ActivityRecord{8cd15b0 u0 com.socialnmobile.dictapps.notepad.color.note/com.socialnmobile.colornote.activity.NoteEditor t112 f}}: app died, no saved state
[2025-09-08T21:38:32.182Z] [ALL] 09-08 22:21:15.236   503  1433 W ActivityTaskManager: Force removing ActivityRecord{6e5daad u0 com.socialnmobile.dictapps.notepad.color.note/com.socialnmobile.colornote.activity.Main t112 f}}: app died, no saved state
[2025-09-08T21:38:32.182Z] [ALL] 09-08 22:21:15.236   503  1433 W InputDispatcher: Attempted to unregister already unregistered input channel '24860a2 com.socialnmobile.dictapps.notepad.color.note/com.socialnmobile.colornote.activity.Main (server)'
[2025-09-08T21:38:32.182Z] [ALL] 09-08 22:21:15.241   503   690 D AutofillSession: handling death of Token{479c4f3 ActivityRecord{8cd15b0 u0 com.socialnmobile.dictapps.notepad.color.note/com.socialnmobile.colornote.activity.NoteEditor t-1 f}}} when saving=false
[2025-09-08T21:38:32.182Z] [ALL] 09-08 22:21:16.353   503   503 W NotificationService: Object died trying to hide custom toast android.os.BinderProxy@b60e71 in package com.socialnmobile.dictapps.notepad.color.note
[2025-09-08T21:38:32.185Z] [ALL] 09-08 22:35:43.517   503   521 I ActivityManager: Force stopping com.socialnmobile.dictapps.notepad.color.note appid=10172 user=0: from pid 11703
[2025-09-08T21:38:32.185Z] [ALL] 09-08 22:35:43.538   503   521 I ActivityManager: Force stopping com.socialnmobile.dictapps.notepad.color.note appid=10172 user=0: clear data
[2025-09-08T21:38:32.185Z] [ALL] 09-08 22:35:43.539   503   532 I ActivityManager: Force stopping com.socialnmobile.dictapps.notepad.color.note appid=10172 user=-1: clearApplicationUserData
[2025-09-08T21:38:32.185Z] [ALL] 09-08 22:35:43.547  1383 11481 I MediaProvider: Invalidating LocalCallingIdentity cache for package com.socialnmobile.dictapps.notepad.color.note. Reason: op android:read_external_storage
[2025-09-08T21:38:32.185Z] [ALL] 09-08 22:35:43.547  1383 11481 I MediaProvider: Invalidating LocalCallingIdentity cache for package com.socialnmobile.dictapps.notepad.color.note. Reason: op android:read_external_storage
[2025-09-08T21:38:32.185Z] [ALL] 09-08 22:35:43.591  1383  5188 I MediaProvider: Begin Intent { act=android.intent.action.PACKAGE_DATA_CLEARED dat=package:com.socialnmobile.dictapps.notepad.color.note flg=0x1000010 cmp=com.google.android.providers.media.module/com.android.providers.media.MediaService (has extras) }
[2025-09-08T21:38:32.185Z] [ALL] 09-08 22:35:43.592  1383  5188 I MediaProvider: End Intent { act=android.intent.action.PACKAGE_DATA_CLEARED dat=package:com.socialnmobile.dictapps.notepad.color.note flg=0x1000010 cmp=com.google.android.providers.media.module/com.android.providers.media.MediaService (has extras) }
[2025-09-08T21:38:32.185Z] [ALL] 09-08 22:35:43.617  1988  2361 I Icing   : doRemovePackageData com.socialnmobile.dictapps.notepad.color.note
[2025-09-08T21:38:32.185Z] [ALL] 09-08 22:35:43.636  1383 11481 I MediaProvider: Invalidating LocalCallingIdentity cache for package com.socialnmobile.dictapps.notepad.color.note. Reason: op android:read_external_storage
[2025-09-08T21:38:32.185Z] [ALL] 09-08 22:35:43.642  1383 11481 I MediaProvider: Invalidating LocalCallingIdentity cache for package com.socialnmobile.dictapps.notepad.color.note. Reason: op android:read_external_storage
[2025-09-08T21:38:32.185Z] [ALL] 09-08 22:35:44.767 11766 11797 I appium  : Created the new session with id 705b926e-2fa3-448c-98b3-9a48c6fd64da and capabilities {app=/Users/nikesmaeili/wdio-appium/app/android/ColorNote+Notepad.apk, appPackage=com.socialnmobile.dictapps.notepad.color.note, networkConnectionEnabled=true, warnings={}, databaseEnabled=false, deviceName=emulator-5554, platform=LINUX, deviceUDID=emulator-5554, appActivity=com.socialnmobile.colornote.activity.Main, desired={platformName=Android, automationName=UiAutomator2, platformVersion=11.0, deviceName=Pixel 3-v11, app=/Users/nikesmaeili/wdio-appium/app/android/ColorNote+Notepad.apk, autoGrantPermissions=true}, platformVersion=11.0, automationName=UiAutomator2, webStorageEnabled=false, locationContextEnabled=false, autoGrantPermissions=true, takesScreenshot=true, javascriptEnabled=true, platformName=Android}
[2025-09-08T21:38:32.185Z] [ALL] 09-08 22:35:44.868   503   521 I ActivityManager: Force stopping com.socialnmobile.dictapps.notepad.color.note appid=10172 user=0: from pid 11810
[2025-09-08T21:38:32.185Z] [ALL] 09-08 22:35:45.123   503   521 I ActivityTaskManager: START u0 {act=android.intent.action.MAIN cat=[android.intent.category.LAUNCHER] flg=0x10200000 cmp=com.socialnmobile.dictapps.notepad.color.note/com.socialnmobile.colornote.activity.Main} from uid 2000
[2025-09-08T21:38:32.185Z] [ALL] 09-08 22:35:45.185   503   533 I ActivityManager: Start proc 11813:com.socialnmobile.dictapps.notepad.color.note/u0a172 for pre-top-activity {com.socialnmobile.dictapps.notepad.color.note/com.socialnmobile.colornote.activity.Main}
[2025-09-08T21:38:32.185Z] [ALL] 09-08 22:35:45.245 11813 11813 I TetheringManager: registerTetheringEventCallback:com.socialnmobile.dictapps.notepad.color.note
[2025-09-08T21:38:32.185Z] [ALL] 09-08 22:35:45.384   503   531 D ArtManagerInternalImpl: /data/misc/iorapd/com.socialnmobile.dictapps.notepad.color.note/12500/com.socialnmobile.colornote.activity.Main/compiled_traces/compiled_trace.pb doesn't exist
[2025-09-08T21:38:32.185Z] [ALL] 09-08 22:35:45.385   503   531 I ActivityTaskManager: Displayed com.socialnmobile.dictapps.notepad.color.note/com.socialnmobile.colornote.activity.Main: +260ms
[2025-09-08T21:38:32.185Z] [ALL] 09-08 22:35:45.436 11766 11800 I appium  : method: 'xpath', selector: '//*[@resource-id="com.socialnmobile.dictapps.notepad.color.note:id/btn_start_skip"]'
[2025-09-08T21:38:32.185Z] [ALL] 09-08 22:35:46.155 11766 11800 I appium  : Took 0ms to retrieve 1 matches for '//*[@resource-id="com.socialnmobile.dictapps.notepad.color.note:id/btn_start_skip"]' XPath2 query
[2025-09-08T21:38:32.185Z] [ALL] 09-08 22:35:47.201 11813 11827 I chatty  : uid=10172(com.socialnmobile.dictapps.notepad.color.note) identical 1 line
[2025-09-08T21:38:32.185Z] [ALL] 09-08 22:35:47.328   503  4682 W ActivityManager: Unable to start service Intent { act=com.google.firebase.MESSAGING_EVENT pkg=com.socialnmobile.dictapps.notepad.color.note } U=0: not found
[2025-09-08T21:38:32.185Z] [ALL] 09-08 22:35:47.997 11766 11800 I appium  : method: 'xpath', selector: '//*[@resource-id="com.socialnmobile.dictapps.notepad.color.note:id/select_dialog_listview"]/android.widget.LinearLayout[1]'
[2025-09-08T21:38:32.185Z] [ALL] 09-08 22:35:48.020 11766 11800 I appium  : Took 0ms to retrieve 1 matches for '//*[@resource-id="com.socialnmobile.dictapps.notepad.color.note:id/select_dialog_listview"]/android.widget.LinearLayout[1]' XPath2 query
[2025-09-08T21:38:32.185Z] [ALL] 09-08 22:35:48.133   503   521 I ActivityTaskManager: START u0 {act=android.intent.action.INSERT dat=content://note.socialnmobile.provider.colornote/notes cmp=com.socialnmobile.dictapps.notepad.color.note/com.socialnmobile.colornote.activity.NoteEditor (has extras)} from uid 10172
[2025-09-08T21:38:32.185Z] [ALL] 09-08 22:35:48.159   503  4481 W BackupManagerService: [UserID:0] dataChanged but no participant pkg='com.socialnmobile.dictapps.notepad.color.note' uid=10172
[2025-09-08T21:38:32.185Z] [ALL] 09-08 22:35:48.198   503   531 I ActivityTaskManager: Displayed com.socialnmobile.dictapps.notepad.color.note/com.socialnmobile.colornote.activity.NoteEditor: +64ms
[2025-09-08T21:38:32.185Z] [ALL] 09-08 22:35:48.233  1298  1298 I AndroidIME: AbstractIme.onActivate():84 LatinIme.onActivate() : EditorInfo = Package = com.socialnmobile.dictapps.notepad.color.note : Type = Text : Learning = Enable : Suggestion = Show : AutoCorrection = Enable : Microphone = Show : NoPersonalizedLearning = Disable : AutoStartVoiceInput = Disable, IncognitoMode = false
[2025-09-08T21:38:32.185Z] [ALL] 09-08 22:35:48.253  1298  1298 I ConversationToQueryExtension: ConversationToQueryExtension.isEnabledForHostApp():252 Conv2Query not enabled due to current app [com.socialnmobile.dictapps.notepad.color.note] not in whitelist
[2025-09-08T21:38:32.185Z] [ALL] 09-08 22:35:49.238 11766 11800 I appium  : method: 'xpath', selector: '//*[@resource-id="com.socialnmobile.dictapps.notepad.color.note:id/datetime_relative"]'
[2025-09-08T21:38:32.185Z] [ALL] 09-08 22:35:49.269 11766 11800 I appium  : Took 0ms to retrieve 1 matches for '//*[@resource-id="com.socialnmobile.dictapps.notepad.color.note:id/datetime_relative"]' XPath2 query
[2025-09-08T21:38:32.185Z] [ALL] 09-08 22:35:49.297 11766 11800 I appium  : method: 'xpath', selector: '//*[@resource-id="com.socialnmobile.dictapps.notepad.color.note:id/edit_title"]'
[2025-09-08T21:38:32.185Z] [ALL] 09-08 22:35:49.311 11766 11800 I appium  : Took 0ms to retrieve 1 matches for '//*[@resource-id="com.socialnmobile.dictapps.notepad.color.note:id/edit_title"]' XPath2 query
[2025-09-08T21:38:32.185Z] [ALL] 09-08 22:35:49.342 11766 11800 I appium  : method: 'xpath', selector: '//*[@resource-id="com.socialnmobile.dictapps.notepad.color.note:id/edit_note"]'
[2025-09-08T21:38:32.185Z] [ALL] 09-08 22:35:49.356 11766 11800 I appium  : Took 0ms to retrieve 1 matches for '//*[@resource-id="com.socialnmobile.dictapps.notepad.color.note:id/edit_note"]' XPath2 query
[2025-09-08T21:38:32.185Z] [ALL] 09-08 22:35:50.000  1298  1298 I AndroidIME: AbstractIme.onActivate():84 LatinIme.onActivate() : EditorInfo = Package = com.socialnmobile.dictapps.notepad.color.note : Type = Text : Learning = Enable : Suggestion = Show : AutoCorrection = Enable : Microphone = Show : NoPersonalizedLearning = Disable : AutoStartVoiceInput = Disable, IncognitoMode = false
[2025-09-08T21:38:32.185Z] [ALL] 09-08 22:35:50.008  1298  1298 I ConversationToQueryExtension: ConversationToQueryExtension.isEnabledForHostApp():252 Conv2Query not enabled due to current app [com.socialnmobile.dictapps.notepad.color.note] not in whitelist
[2025-09-08T21:38:32.185Z] [ALL] 09-08 22:35:50.705   503  4481 W BackupManagerService: [UserID:0] dataChanged but no participant pkg='com.socialnmobile.dictapps.notepad.color.note' uid=10172
[2025-09-08T21:38:32.185Z] [ALL] 09-08 22:35:50.754 11766 11800 I appium  : method: 'xpath', selector: '//*[@resource-id="com.socialnmobile.dictapps.notepad.color.note:id/edit_btn"]'
[2025-09-08T21:38:32.185Z] [ALL] 09-08 22:35:50.767  1298  1298 I AndroidIME: AbstractIme.onActivate():84 LatinIme.onActivate() : EditorInfo = Package = com.socialnmobile.dictapps.notepad.color.note : Type = Text : Learning = Enable : Suggestion = Show : AutoCorrection = Enable : Microphone = Show : NoPersonalizedLearning = Disable : AutoStartVoiceInput = Disable, IncognitoMode = false
[2025-09-08T21:38:32.185Z] [ALL] 09-08 22:35:50.771  1298  1298 I ConversationToQueryExtension: ConversationToQueryExtension.isEnabledForHostApp():252 Conv2Query not enabled due to current app [com.socialnmobile.dictapps.notepad.color.note] not in whitelist
[2025-09-08T21:38:32.185Z] [ALL] 09-08 22:35:51.439 11766 11800 I appium  : Took 0ms to retrieve 1 matches for '//*[@resource-id="com.socialnmobile.dictapps.notepad.color.note:id/edit_btn"]' XPath2 query
[2025-09-08T21:38:32.185Z] [ALL] 09-08 22:35:51.472 11766 11800 I appium  : method: 'xpath', selector: '//*[@resource-id="com.socialnmobile.dictapps.notepad.color.note:id/edit_title"]'
[2025-09-08T21:38:32.185Z] [ALL] 09-08 22:35:51.485 11766 11800 I appium  : Took 0ms to retrieve 1 matches for '//*[@resource-id="com.socialnmobile.dictapps.notepad.color.note:id/edit_title"]' XPath2 query
[2025-09-08T21:38:32.185Z] [ALL] 09-08 22:35:51.595   503  4658 I ActivityManager: Force stopping com.socialnmobile.dictapps.notepad.color.note appid=10172 user=0: from pid 11925
[2025-09-08T21:38:32.185Z] [ALL] 09-08 22:35:51.596   503  4658 I ActivityManager: Killing 11813:com.socialnmobile.dictapps.notepad.color.note/u0a172 (adj 0): stop com.socialnmobile.dictapps.notepad.color.note due to from pid 11925
[2025-09-08T21:38:32.185Z] [ALL] 09-08 22:35:51.596   503  4658 W ActivityTaskManager: Force removing ActivityRecord{e9382c0 u0 com.socialnmobile.dictapps.notepad.color.note/com.socialnmobile.colornote.activity.NoteEditor t113 f}}: app died, no saved state
[2025-09-08T21:38:32.185Z] [ALL] 09-08 22:35:51.598   503  4658 W ActivityTaskManager: Force removing ActivityRecord{b1bce4e u0 com.socialnmobile.dictapps.notepad.color.note/com.socialnmobile.colornote.activity.Main t113 f}}: app died, no saved state
[2025-09-08T21:38:32.186Z] [ALL] 09-08 22:35:51.617   503  1455 D AutofillSession: handling death of Token{2707c43 ActivityRecord{e9382c0 u0 com.socialnmobile.dictapps.notepad.color.note/com.socialnmobile.colornote.activity.NoteEditor t-1 f}}} when saving=false
[2025-09-08T21:38:32.186Z] [ALL] 09-08 22:35:52.726   503   503 W NotificationService: Object died trying to hide custom toast android.os.BinderProxy@8bb97c9 in package com.socialnmobile.dictapps.notepad.color.note
[2025-09-08T21:38:32.186Z] [ALL] 09-08 22:38:06.989   503  1282 I ActivityManager: Force stopping com.socialnmobile.dictapps.notepad.color.note appid=10172 user=0: from pid 12054
[2025-09-08T21:38:32.186Z] [ALL] 09-08 22:38:07.007   503  1282 I ActivityManager: Force stopping com.socialnmobile.dictapps.notepad.color.note appid=10172 user=0: clear data
[2025-09-08T21:38:32.186Z] [ALL] 09-08 22:38:07.008   503   532 I ActivityManager: Force stopping com.socialnmobile.dictapps.notepad.color.note appid=10172 user=-1: clearApplicationUserData
[2025-09-08T21:38:32.186Z] [ALL] 09-08 22:38:07.009  1383 11481 I MediaProvider: Invalidating LocalCallingIdentity cache for package com.socialnmobile.dictapps.notepad.color.note. Reason: op android:read_external_storage
[2025-09-08T21:38:32.186Z] [ALL] 09-08 22:38:07.010  1383 11481 I MediaProvider: Invalidating LocalCallingIdentity cache for package com.socialnmobile.dictapps.notepad.color.note. Reason: op android:read_external_storage
[2025-09-08T21:38:32.186Z] [ALL] 09-08 22:38:07.036  1383  5188 I MediaProvider: Begin Intent { act=android.intent.action.PACKAGE_DATA_CLEARED dat=package:com.socialnmobile.dictapps.notepad.color.note flg=0x1000010 cmp=com.google.android.providers.media.module/com.android.providers.media.MediaService (has extras) }
[2025-09-08T21:38:32.186Z] [ALL] 09-08 22:38:07.037  1383  5188 I MediaProvider: End Intent { act=android.intent.action.PACKAGE_DATA_CLEARED dat=package:com.socialnmobile.dictapps.notepad.color.note flg=0x1000010 cmp=com.google.android.providers.media.module/com.android.providers.media.MediaService (has extras) }
[2025-09-08T21:38:32.186Z] [ALL] 09-08 22:38:07.044  1988  2520 I Icing   : doRemovePackageData com.socialnmobile.dictapps.notepad.color.note
[2025-09-08T21:38:32.186Z] [ALL] 09-08 22:38:07.058  1383 11481 I MediaProvider: Invalidating LocalCallingIdentity cache for package com.socialnmobile.dictapps.notepad.color.note. Reason: op android:read_external_storage
[2025-09-08T21:38:32.186Z] [ALL] 09-08 22:38:07.061  1383 11481 I MediaProvider: Invalidating LocalCallingIdentity cache for package com.socialnmobile.dictapps.notepad.color.note. Reason: op android:read_external_storage
[2025-09-08T21:38:32.187Z] [ALL] 09-08 22:38:08.175 12115 12145 I appium  : Created the new session with id e25e4bfb-d45f-4e96-92bc-889deabccbb5 and capabilities {app=/Users/nikesmaeili/wdio-appium/app/android/ColorNote+Notepad.apk, appPackage=com.socialnmobile.dictapps.notepad.color.note, networkConnectionEnabled=true, warnings={}, databaseEnabled=false, deviceName=emulator-5554, platform=LINUX, deviceUDID=emulator-5554, appActivity=com.socialnmobile.colornote.activity.Main, desired={platformName=Android, automationName=UiAutomator2, platformVersion=11.0, deviceName=Pixel 3-v11, app=/Users/nikesmaeili/wdio-appium/app/android/ColorNote+Notepad.apk, autoGrantPermissions=true}, platformVersion=11.0, automationName=UiAutomator2, webStorageEnabled=false, locationContextEnabled=false, autoGrantPermissions=true, takesScreenshot=true, javascriptEnabled=true, platformName=Android}
[2025-09-08T21:38:32.187Z] [ALL] 09-08 22:38:08.262   503  1455 I ActivityManager: Force stopping com.socialnmobile.dictapps.notepad.color.note appid=10172 user=0: from pid 12157
[2025-09-08T21:38:32.187Z] [ALL] 09-08 22:38:08.515   503  1455 I ActivityTaskManager: START u0 {act=android.intent.action.MAIN cat=[android.intent.category.LAUNCHER] flg=0x10200000 cmp=com.socialnmobile.dictapps.notepad.color.note/com.socialnmobile.colornote.activity.Main} from uid 2000
[2025-09-08T21:38:32.187Z] [ALL] 09-08 22:38:08.551   503   533 I ActivityManager: Start proc 12160:com.socialnmobile.dictapps.notepad.color.note/u0a172 for pre-top-activity {com.socialnmobile.dictapps.notepad.color.note/com.socialnmobile.colornote.activity.Main}
[2025-09-08T21:38:32.187Z] [ALL] 09-08 22:38:08.615 12160 12160 I TetheringManager: registerTetheringEventCallback:com.socialnmobile.dictapps.notepad.color.note
[2025-09-08T21:38:32.187Z] [ALL] 09-08 22:38:08.715   503   531 D ArtManagerInternalImpl: /data/misc/iorapd/com.socialnmobile.dictapps.notepad.color.note/12500/com.socialnmobile.colornote.activity.Main/compiled_traces/compiled_trace.pb doesn't exist
[2025-09-08T21:38:32.187Z] [ALL] 09-08 22:38:08.716   503   531 I ActivityTaskManager: Displayed com.socialnmobile.dictapps.notepad.color.note/com.socialnmobile.colornote.activity.Main: +199ms
[2025-09-08T21:38:32.187Z] [ALL] 09-08 22:38:08.764 12115 12148 I appium  : method: 'xpath', selector: '//*[@resource-id="com.socialnmobile.dictapps.notepad.color.note:id/btn_start_skip"]'
[2025-09-08T21:38:32.187Z] [ALL] 09-08 22:38:09.466 12115 12148 I appium  : Took 0ms to retrieve 1 matches for '//*[@resource-id="com.socialnmobile.dictapps.notepad.color.note:id/btn_start_skip"]' XPath2 query
[2025-09-08T21:38:32.187Z] [ALL] 09-08 22:38:10.561 12160 12174 I chatty  : uid=10172(com.socialnmobile.dictapps.notepad.color.note) identical 1 line
[2025-09-08T21:38:32.187Z] [ALL] 09-08 22:38:10.680 12115 12148 I appium  : method: 'xpath', selector: '//*[@resource-id="com.socialnmobile.dictapps.notepad.color.note:id/select_dialog_listview"]/android.widget.LinearLayout[1]'
[2025-09-08T21:38:32.187Z] [ALL] 09-08 22:38:10.717   503  1282 W ActivityManager: Unable to start service Intent { act=com.google.firebase.MESSAGING_EVENT pkg=com.socialnmobile.dictapps.notepad.color.note } U=0: not found
[2025-09-08T21:38:32.187Z] [ALL] 09-08 22:38:11.316 12115 12148 I appium  : Took 0ms to retrieve 1 matches for '//*[@resource-id="com.socialnmobile.dictapps.notepad.color.note:id/select_dialog_listview"]/android.widget.LinearLayout[1]' XPath2 query
[2025-09-08T21:38:32.187Z] [ALL] 09-08 22:38:11.429   503  1434 I ActivityTaskManager: START u0 {act=android.intent.action.INSERT dat=content://note.socialnmobile.provider.colornote/notes cmp=com.socialnmobile.dictapps.notepad.color.note/com.socialnmobile.colornote.activity.NoteEditor (has extras)} from uid 10172
[2025-09-08T21:38:32.187Z] [ALL] 09-08 22:38:11.448   503  1282 W BackupManagerService: [UserID:0] dataChanged but no participant pkg='com.socialnmobile.dictapps.notepad.color.note' uid=10172
[2025-09-08T21:38:32.187Z] [ALL] 09-08 22:38:11.498   503   531 I ActivityTaskManager: Displayed com.socialnmobile.dictapps.notepad.color.note/com.socialnmobile.colornote.activity.NoteEditor: +68ms
[2025-09-08T21:38:32.187Z] [ALL] 09-08 22:38:11.531  1298  1298 I AndroidIME: AbstractIme.onActivate():84 LatinIme.onActivate() : EditorInfo = Package = com.socialnmobile.dictapps.notepad.color.note : Type = Text : Learning = Enable : Suggestion = Show : AutoCorrection = Enable : Microphone = Show : NoPersonalizedLearning = Disable : AutoStartVoiceInput = Disable, IncognitoMode = false
[2025-09-08T21:38:32.187Z] [ALL] 09-08 22:38:11.536  1298  1298 I ConversationToQueryExtension: ConversationToQueryExtension.isEnabledForHostApp():252 Conv2Query not enabled due to current app [com.socialnmobile.dictapps.notepad.color.note] not in whitelist
[2025-09-08T21:38:32.187Z] [ALL] 09-08 22:38:12.532 12115 12148 I appium  : method: 'xpath', selector: '//*[@resource-id="com.socialnmobile.dictapps.notepad.color.note:id/datetime_relative"]'
[2025-09-08T21:38:32.187Z] [ALL] 09-08 22:38:12.556 12115 12148 I appium  : Took 0ms to retrieve 1 matches for '//*[@resource-id="com.socialnmobile.dictapps.notepad.color.note:id/datetime_relative"]' XPath2 query
[2025-09-08T21:38:32.187Z] [ALL] 09-08 22:38:12.581 12115 12148 I appium  : method: 'xpath', selector: '//*[@resource-id="com.socialnmobile.dictapps.notepad.color.note:id/edit_title"]'
[2025-09-08T21:38:32.187Z] [ALL] 09-08 22:38:12.592 12115 12148 I appium  : Took 0ms to retrieve 1 matches for '//*[@resource-id="com.socialnmobile.dictapps.notepad.color.note:id/edit_title"]' XPath2 query
[2025-09-08T21:38:32.187Z] [ALL] 09-08 22:38:12.619 12115 12148 I appium  : method: 'xpath', selector: '//*[@resource-id="com.socialnmobile.dictapps.notepad.color.note:id/edit_note"]'
[2025-09-08T21:38:32.187Z] [ALL] 09-08 22:38:13.146 12115 12148 I appium  : Took 0ms to retrieve 1 matches for '//*[@resource-id="com.socialnmobile.dictapps.notepad.color.note:id/edit_note"]' XPath2 query
[2025-09-08T21:38:32.187Z] [ALL] 09-08 22:38:13.316  1298  1298 I AndroidIME: AbstractIme.onActivate():84 LatinIme.onActivate() : EditorInfo = Package = com.socialnmobile.dictapps.notepad.color.note : Type = Text : Learning = Enable : Suggestion = Show : AutoCorrection = Enable : Microphone = Show : NoPersonalizedLearning = Disable : AutoStartVoiceInput = Disable, IncognitoMode = false
[2025-09-08T21:38:32.187Z] [ALL] 09-08 22:38:13.322  1298  1298 I ConversationToQueryExtension: ConversationToQueryExtension.isEnabledForHostApp():252 Conv2Query not enabled due to current app [com.socialnmobile.dictapps.notepad.color.note] not in whitelist
[2025-09-08T21:38:32.187Z] [ALL] 09-08 22:38:14.009   503  1282 W BackupManagerService: [UserID:0] dataChanged but no participant pkg='com.socialnmobile.dictapps.notepad.color.note' uid=10172
[2025-09-08T21:38:32.187Z] [ALL] 09-08 22:38:14.053 12115 12148 I appium  : method: 'xpath', selector: '//*[@resource-id="com.socialnmobile.dictapps.notepad.color.note:id/edit_btn"]'
[2025-09-08T21:38:32.187Z] [ALL] 09-08 22:38:14.068  1298  1298 I AndroidIME: AbstractIme.onActivate():84 LatinIme.onActivate() : EditorInfo = Package = com.socialnmobile.dictapps.notepad.color.note : Type = Text : Learning = Enable : Suggestion = Show : AutoCorrection = Enable : Microphone = Show : NoPersonalizedLearning = Disable : AutoStartVoiceInput = Disable, IncognitoMode = false
[2025-09-08T21:38:32.187Z] [ALL] 09-08 22:38:14.072  1298  1298 I ConversationToQueryExtension: ConversationToQueryExtension.isEnabledForHostApp():252 Conv2Query not enabled due to current app [com.socialnmobile.dictapps.notepad.color.note] not in whitelist
[2025-09-08T21:38:32.187Z] [ALL] 09-08 22:38:14.741 12115 12148 I appium  : Took 0ms to retrieve 1 matches for '//*[@resource-id="com.socialnmobile.dictapps.notepad.color.note:id/edit_btn"]' XPath2 query
[2025-09-08T21:38:32.187Z] [ALL] 09-08 22:38:14.770 12115 12148 I appium  : method: 'xpath', selector: '//*[@resource-id="com.socialnmobile.dictapps.notepad.color.note:id/edit_title"]'
[2025-09-08T21:38:32.187Z] [ALL] 09-08 22:38:14.781 12115 12148 I appium  : Took 0ms to retrieve 1 matches for '//*[@resource-id="com.socialnmobile.dictapps.notepad.color.note:id/edit_title"]' XPath2 query
[2025-09-08T21:38:32.187Z] [ALL] 09-08 22:38:14.885   503   956 I ActivityManager: Force stopping com.socialnmobile.dictapps.notepad.color.note appid=10172 user=0: from pid 12271
[2025-09-08T21:38:32.187Z] [ALL] 09-08 22:38:14.885   503   956 I ActivityManager: Killing 12160:com.socialnmobile.dictapps.notepad.color.note/u0a172 (adj 0): stop com.socialnmobile.dictapps.notepad.color.note due to from pid 12271
[2025-09-08T21:38:32.187Z] [ALL] 09-08 22:38:14.889   503   956 W ActivityTaskManager: Force removing ActivityRecord{252244 u0 com.socialnmobile.dictapps.notepad.color.note/com.socialnmobile.colornote.activity.NoteEditor t114 f}}: app died, no saved state
[2025-09-08T21:38:32.187Z] [ALL] 09-08 22:38:14.889   503   594 W InputDispatcher: channel '4b60447 com.socialnmobile.dictapps.notepad.color.note/com.socialnmobile.colornote.activity.NoteEditor (server)' ~ Consumer closed input channel or an error occurred.  events=0x9
[2025-09-08T21:38:32.187Z] [ALL] 09-08 22:38:14.889   503   594 E InputDispatcher: channel '4b60447 com.socialnmobile.dictapps.notepad.color.note/com.socialnmobile.colornote.activity.NoteEditor (server)' ~ Channel is unrecoverably broken and will be disposed!
[2025-09-08T21:38:32.187Z] [ALL] 09-08 22:38:14.890   503   956 W InputDispatcher: Attempted to unregister already unregistered input channel '4b60447 com.socialnmobile.dictapps.notepad.color.note/com.socialnmobile.colornote.activity.NoteEditor (server)'
[2025-09-08T21:38:32.187Z] [ALL] 09-08 22:38:14.891   503   956 W ActivityTaskManager: Force removing ActivityRecord{93273b1 u0 com.socialnmobile.dictapps.notepad.color.note/com.socialnmobile.colornote.activity.Main t114 f}}: app died, no saved state
[2025-09-08T21:38:32.187Z] [ALL] 09-08 22:38:14.891   503   956 W InputDispatcher: Attempted to unregister already unregistered input channel '88893df com.socialnmobile.dictapps.notepad.color.note/com.socialnmobile.colornote.activity.Main (server)'
[2025-09-08T21:38:32.187Z] [ALL] 09-08 22:38:14.897   503  1282 D AutofillSession: handling death of Token{cb69757 ActivityRecord{252244 u0 com.socialnmobile.dictapps.notepad.color.note/com.socialnmobile.colornote.activity.NoteEditor t-1 f}}} when saving=false
[2025-09-08T21:38:32.188Z] [ALL] 09-08 22:38:16.020   503   503 W NotificationService: Object died trying to hide custom toast android.os.BinderProxy@dfe5a4a in package com.socialnmobile.dictapps.notepad.color.note
[2025-09-08T21:38:32.409Z] [ALL] 09-08 22:38:32.364   503   607 I ActivityManager: Force stopping com.socialnmobile.dictapps.notepad.color.note appid=10172 user=0: from pid 12363
[2025-09-08T21:38:32.428Z] [ALL] 09-08 22:38:32.382   503   607 I ActivityManager: Force stopping com.socialnmobile.dictapps.notepad.color.note appid=10172 user=0: clear data
[2025-09-08T21:38:32.429Z] [ALL] 09-08 22:38:32.383   503   532 I ActivityManager: Force stopping com.socialnmobile.dictapps.notepad.color.note appid=10172 user=-1: clearApplicationUserData
[2025-09-08T21:38:32.438Z] [ALL] 09-08 22:38:32.393  1383 11481 I MediaProvider: Invalidating LocalCallingIdentity cache for package com.socialnmobile.dictapps.notepad.color.note. Reason: op android:read_external_storage
[2025-09-08T21:38:32.439Z] [ALL] 09-08 22:38:32.393  1383 11481 I MediaProvider: Invalidating LocalCallingIdentity cache for package com.socialnmobile.dictapps.notepad.color.note. Reason: op android:read_external_storage
[2025-09-08T21:38:32.461Z] [ALL] 09-08 22:38:32.410  1383  5188 I MediaProvider: Begin Intent { act=android.intent.action.PACKAGE_DATA_CLEARED dat=package:com.socialnmobile.dictapps.notepad.color.note flg=0x1000010 cmp=com.google.android.providers.media.module/com.android.providers.media.MediaService (has extras) }
[2025-09-08T21:38:32.461Z] [ALL] 09-08 22:38:32.411  1988  2361 I Icing   : doRemovePackageData com.socialnmobile.dictapps.notepad.color.note
[2025-09-08T21:38:32.462Z] [ALL] 09-08 22:38:32.416  1383  5188 I MediaProvider: End Intent { act=android.intent.action.PACKAGE_DATA_CLEARED dat=package:com.socialnmobile.dictapps.notepad.color.note flg=0x1000010 cmp=com.google.android.providers.media.module/com.android.providers.media.MediaService (has extras) }
[2025-09-08T21:38:32.479Z] [ALL] 09-08 22:38:32.434  1383 11481 I MediaProvider: Invalidating LocalCallingIdentity cache for package com.socialnmobile.dictapps.notepad.color.note. Reason: op android:read_external_storage
[2025-09-08T21:38:32.483Z] [ALL] 09-08 22:38:32.438  1383 11481 I MediaProvider: Invalidating LocalCallingIdentity cache for package com.socialnmobile.dictapps.notepad.color.note. Reason: op android:read_external_storage
[2025-09-08T21:38:33.599Z] [ALL] 09-08 22:38:33.554 12424 12454 I appium  : Created the new session with id 53ec0c2a-c708-4e8a-809b-5888aa745361 and capabilities {app=/Users/nikesmaeili/wdio-appium/app/android/ColorNote+Notepad.apk, appPackage=com.socialnmobile.dictapps.notepad.color.note, networkConnectionEnabled=true, warnings={}, databaseEnabled=false, deviceName=emulator-5554, platform=LINUX, deviceUDID=emulator-5554, appActivity=com.socialnmobile.colornote.activity.Main, desired={platformName=Android, automationName=UiAutomator2, platformVersion=11.0, deviceName=Pixel 3-v11, app=/Users/nikesmaeili/wdio-appium/app/android/ColorNote+Notepad.apk, autoGrantPermissions=true}, platformVersion=11.0, automationName=UiAutomator2, webStorageEnabled=false, locationContextEnabled=false, autoGrantPermissions=true, takesScreenshot=true, javascriptEnabled=true, platformName=Android}
[2025-09-08T21:38:33.687Z] [ALL] 09-08 22:38:33.641   503  4504 I ActivityManager: Force stopping com.socialnmobile.dictapps.notepad.color.note appid=10172 user=0: from pid 12466
[2025-09-08T21:38:33.940Z] [ALL] 09-08 22:38:33.893   503  4504 I ActivityTaskManager: START u0 {act=android.intent.action.MAIN cat=[android.intent.category.LAUNCHER] flg=0x10200000 cmp=com.socialnmobile.dictapps.notepad.color.note/com.socialnmobile.colornote.activity.Main} from uid 2000
[2025-09-08T21:38:33.978Z] [ALL] 09-08 22:38:33.932   503   533 I ActivityManager: Start proc 12469:com.socialnmobile.dictapps.notepad.color.note/u0a172 for pre-top-activity {com.socialnmobile.dictapps.notepad.color.note/com.socialnmobile.colornote.activity.Main}
[2025-09-08T21:38:34.043Z] [ALL] 09-08 22:38:33.998 12469 12469 I TetheringManager: registerTetheringEventCallback:com.socialnmobile.dictapps.notepad.color.note
[2025-09-08T21:38:34.160Z] [ALL] 09-08 22:38:34.113   503   531 D ArtManagerInternalImpl: /data/misc/iorapd/com.socialnmobile.dictapps.notepad.color.note/12500/com.socialnmobile.colornote.activity.Main/compiled_traces/compiled_trace.pb doesn't exist
[2025-09-08T21:38:34.160Z] [ALL] 09-08 22:38:34.114   503   531 I ActivityTaskManager: Displayed com.socialnmobile.dictapps.notepad.color.note/com.socialnmobile.colornote.activity.Main: +220ms
[2025-09-08T21:38:34.212Z] [ALL] 09-08 22:38:34.166 12424 12457 I appium  : method: 'xpath', selector: '//*[@resource-id="com.socialnmobile.dictapps.notepad.color.note:id/btn_start_skip"]'
[2025-09-08T21:38:34.921Z] [ALL] 09-08 22:38:34.875 12424 12457 I appium  : Took 0ms to retrieve 1 matches for '//*[@resource-id="com.socialnmobile.dictapps.notepad.color.note:id/btn_start_skip"]' XPath2 query
[2025-09-08T21:38:35.997Z] [ALL] 09-08 22:38:35.951 12469 12483 I chatty  : uid=10172(com.socialnmobile.dictapps.notepad.color.note) FinalizerDaemon identical 1 line